[2021-07-20 14:38:15.274][main][INFO ][com.havving.framework.NodeBuilder]Application TEST1 now running...(NodeBuilder.java:97)
[2021-07-20 14:38:15.274][main][INFO ][com.havving.framework.NodeBuilder]Application TEST1 now running...(NodeBuilder.java:97)
[2021-07-20 14:38:15.293][main][INFO ][com.havving.framework.NodeBuilder]GC logging enabled.(NodeBuilder.java:111)
[2021-07-20 14:38:15.293][main][INFO ][com.havving.framework.NodeBuilder]GC logging enabled.(NodeBuilder.java:111)
[2021-07-20 14:38:15.304][main][INFO ][com.havving.framework.NodeBuilder]-Dnode.path.conf exists. Using config path 'D:\Project\NodeBuilder\Tutorial\src\main\resources\node-conf.xml(NodeBuilder.java:139)
[2021-07-20 14:38:15.304][main][INFO ][com.havving.framework.NodeBuilder]-Dnode.path.conf exists. Using config path 'D:\Project\NodeBuilder\Tutorial\src\main\resources\node-conf.xml(NodeBuilder.java:139)
[2021-07-20 14:38:15.642][main][WARN ][com.havving.framework.components.ComponentContainer]com.havving.framework package will scan automatically.(ComponentContainer.java:43)
[2021-07-20 14:38:15.642][main][WARN ][com.havving.framework.components.ComponentContainer]com.havving.framework package will scan automatically.(ComponentContainer.java:43)
[2021-07-20 14:38:15.784][Service Thread][WARN ][com.havving.framework.NodeBuilder]GC LOGGING ------------------------------(NodeBuilder.java:320)
[2021-07-20 14:38:15.784][Service Thread][WARN ][com.havving.framework.NodeBuilder]GC LOGGING ------------------------------(NodeBuilder.java:320)
[2021-07-20 14:38:15.785][Service Thread][WARN ][com.havving.framework.NodeBuilder]  INFO: ID=1, NAME=PS Scavenge, TYPE=end of minor GC CAUSE=Allocation Failure occurred until 7. 1458 to 1465 milliseconds(NodeBuilder.java:321)
[2021-07-20 14:38:15.785][Service Thread][WARN ][com.havving.framework.NodeBuilder]  INFO: ID=1, NAME=PS Scavenge, TYPE=end of minor GC CAUSE=Allocation Failure occurred until 7. 1458 to 1465 milliseconds(NodeBuilder.java:321)
[2021-07-20 14:38:15.785][Service Thread][WARN ][com.havving.framework.NodeBuilder]  CompositeType: javax.management.openmbean.CompositeType(name=sun.management.PS Scavenge.GcInfoCompositeType,items=((itemName=GcThreadCount,itemType=javax.management.openmbean.SimpleType(name=java.lang.Integer)),(itemName=duration,itemType=javax.management.openmbean.SimpleType(name=java.lang.Long)),(itemName=endTime,itemType=javax.management.openmbean.SimpleType(name=java.lang.Long)),(itemName=id,itemType=javax.management.openmbean.SimpleType(name=java.lang.Long)),(itemName=memoryUsageAfterGc,itemType=javax.management.openmbean.TabularType(name=Map<java.lang.String,java.lang.management.MemoryUsage>,rowType=javax.management.openmbean.CompositeType(name=Map<java.lang.String,java.lang.management.MemoryUsage>,items=((itemName=key,itemType=javax.management.openmbean.SimpleType(name=java.lang.String)),(itemName=value,itemType=javax.management.openmbean.CompositeType(name=java.lang.management.MemoryUsage,items=((itemName=committed,itemType=javax.management.openmbean.SimpleType(name=java.lang.Long)),(itemName=init,itemType=javax.management.openmbean.SimpleType(name=java.lang.Long)),(itemName=max,itemType=javax.management.openmbean.SimpleType(name=java.lang.Long)),(itemName=used,itemType=javax.management.openmbean.SimpleType(name=java.lang.Long))))))),indexNames=(key))),(itemName=memoryUsageBeforeGc,itemType=javax.management.openmbean.TabularType(name=Map<java.lang.String,java.lang.management.MemoryUsage>,rowType=javax.management.openmbean.CompositeType(name=Map<java.lang.String,java.lang.management.MemoryUsage>,items=((itemName=key,itemType=javax.management.openmbean.SimpleType(name=java.lang.String)),(itemName=value,itemType=javax.management.openmbean.CompositeType(name=java.lang.management.MemoryUsage,items=((itemName=committed,itemType=javax.management.openmbean.SimpleType(name=java.lang.Long)),(itemName=init,itemType=javax.management.openmbean.SimpleType(name=java.lang.Long)),(itemName=max,itemType=javax.management.openmbean.SimpleType(name=java.lang.Long)),(itemName=used,itemType=javax.management.openmbean.SimpleType(name=java.lang.Long))))))),indexNames=(key))),(itemName=startTime,itemType=javax.management.openmbean.SimpleType(name=java.lang.Long))))(NodeBuilder.java:322)
[2021-07-20 14:38:15.785][Service Thread][WARN ][com.havving.framework.NodeBuilder]  CompositeType: javax.management.openmbean.CompositeType(name=sun.management.PS Scavenge.GcInfoCompositeType,items=((itemName=GcThreadCount,itemType=javax.management.openmbean.SimpleType(name=java.lang.Integer)),(itemName=duration,itemType=javax.management.openmbean.SimpleType(name=java.lang.Long)),(itemName=endTime,itemType=javax.management.openmbean.SimpleType(name=java.lang.Long)),(itemName=id,itemType=javax.management.openmbean.SimpleType(name=java.lang.Long)),(itemName=memoryUsageAfterGc,itemType=javax.management.openmbean.TabularType(name=Map<java.lang.String,java.lang.management.MemoryUsage>,rowType=javax.management.openmbean.CompositeType(name=Map<java.lang.String,java.lang.management.MemoryUsage>,items=((itemName=key,itemType=javax.management.openmbean.SimpleType(name=java.lang.String)),(itemName=value,itemType=javax.management.openmbean.CompositeType(name=java.lang.management.MemoryUsage,items=((itemName=committed,itemType=javax.management.openmbean.SimpleType(name=java.lang.Long)),(itemName=init,itemType=javax.management.openmbean.SimpleType(name=java.lang.Long)),(itemName=max,itemType=javax.management.openmbean.SimpleType(name=java.lang.Long)),(itemName=used,itemType=javax.management.openmbean.SimpleType(name=java.lang.Long))))))),indexNames=(key))),(itemName=memoryUsageBeforeGc,itemType=javax.management.openmbean.TabularType(name=Map<java.lang.String,java.lang.management.MemoryUsage>,rowType=javax.management.openmbean.CompositeType(name=Map<java.lang.String,java.lang.management.MemoryUsage>,items=((itemName=key,itemType=javax.management.openmbean.SimpleType(name=java.lang.String)),(itemName=value,itemType=javax.management.openmbean.CompositeType(name=java.lang.management.MemoryUsage,items=((itemName=committed,itemType=javax.management.openmbean.SimpleType(name=java.lang.Long)),(itemName=init,itemType=javax.management.openmbean.SimpleType(name=java.lang.Long)),(itemName=max,itemType=javax.management.openmbean.SimpleType(name=java.lang.Long)),(itemName=used,itemType=javax.management.openmbean.SimpleType(name=java.lang.Long))))))),indexNames=(key))),(itemName=startTime,itemType=javax.management.openmbean.SimpleType(name=java.lang.Long))))(NodeBuilder.java:322)
[2021-07-20 14:38:15.786][Service Thread][WARN ][com.havving.framework.NodeBuilder]  MemoryUsageAfterGc: {PS Eden Space=init = 32505856(31744K) used = 0(0K) committed = 32505856(31744K) max = 674234368(658432K), Code Cache=init = 2555904(2496K) used = 3152128(3078K) committed = 3211264(3136K) max = 251658240(245760K), Compressed Class Space=init = 0(0K) used = 1239056(1210K) committed = 1441792(1408K) max = 1073741824(1048576K), PS Survivor Space=init = 5242880(5120K) used = 4579712(4472K) committed = 5242880(5120K) max = 5242880(5120K), PS Old Gen=init = 87031808(84992K) used = 81936(80K) committed = 87031808(84992K) max = 1370488832(1338368K), Metaspace=init = 0(0K) used = 10034728(9799K) committed = 10616832(10368K) max = -1(-1K)}(NodeBuilder.java:323)
[2021-07-20 14:38:15.786][Service Thread][WARN ][com.havving.framework.NodeBuilder]  MemoryUsageAfterGc: {PS Eden Space=init = 32505856(31744K) used = 0(0K) committed = 32505856(31744K) max = 674234368(658432K), Code Cache=init = 2555904(2496K) used = 3152128(3078K) committed = 3211264(3136K) max = 251658240(245760K), Compressed Class Space=init = 0(0K) used = 1239056(1210K) committed = 1441792(1408K) max = 1073741824(1048576K), PS Survivor Space=init = 5242880(5120K) used = 4579712(4472K) committed = 5242880(5120K) max = 5242880(5120K), PS Old Gen=init = 87031808(84992K) used = 81936(80K) committed = 87031808(84992K) max = 1370488832(1338368K), Metaspace=init = 0(0K) used = 10034728(9799K) committed = 10616832(10368K) max = -1(-1K)}(NodeBuilder.java:323)
[2021-07-20 14:38:15.786][Service Thread][WARN ][com.havving.framework.NodeBuilder]  MemoryUsageBeforeGc: {PS Eden Space=init = 32505856(31744K) used = 32505856(31744K) committed = 32505856(31744K) max = 674234368(658432K), Code Cache=init = 2555904(2496K) used = 3152128(3078K) committed = 3211264(3136K) max = 251658240(245760K), Compressed Class Space=init = 0(0K) used = 1239056(1210K) committed = 1441792(1408K) max = 1073741824(1048576K), PS Survivor Space=init = 5242880(5120K) used = 0(0K) committed = 5242880(5120K) max = 5242880(5120K), PS Old Gen=init = 87031808(84992K) used = 0(0K) committed = 87031808(84992K) max = 1370488832(1338368K), Metaspace=init = 0(0K) used = 10034728(9799K) committed = 10616832(10368K) max = -1(-1K)}(NodeBuilder.java:324)
[2021-07-20 14:38:15.786][Service Thread][WARN ][com.havving.framework.NodeBuilder]  MemoryUsageBeforeGc: {PS Eden Space=init = 32505856(31744K) used = 32505856(31744K) committed = 32505856(31744K) max = 674234368(658432K), Code Cache=init = 2555904(2496K) used = 3152128(3078K) committed = 3211264(3136K) max = 251658240(245760K), Compressed Class Space=init = 0(0K) used = 1239056(1210K) committed = 1441792(1408K) max = 1073741824(1048576K), PS Survivor Space=init = 5242880(5120K) used = 0(0K) committed = 5242880(5120K) max = 5242880(5120K), PS Old Gen=init = 87031808(84992K) used = 0(0K) committed = 87031808(84992K) max = 1370488832(1338368K), Metaspace=init = 0(0K) used = 10034728(9799K) committed = 10616832(10368K) max = -1(-1K)}(NodeBuilder.java:324)
[2021-07-20 14:38:15.787][Service Thread][WARN ][com.havving.framework.NodeBuilder]  Memory Usage: {PS Eden Space=init = 32505856(31744K) used = 0(0K) committed = 32505856(31744K) max = 674234368(658432K), Code Cache=init = 2555904(2496K) used = 3152128(3078K) committed = 3211264(3136K) max = 251658240(245760K), Compressed Class Space=init = 0(0K) used = 1239056(1210K) committed = 1441792(1408K) max = 1073741824(1048576K), PS Survivor Space=init = 5242880(5120K) used = 4579712(4472K) committed = 5242880(5120K) max = 5242880(5120K), PS Old Gen=init = 87031808(84992K) used = 81936(80K) committed = 87031808(84992K) max = 1370488832(1338368K), Metaspace=init = 0(0K) used = 10034728(9799K) committed = 10616832(10368K) max = -1(-1K)}(NodeBuilder.java:329)
[2021-07-20 14:38:15.787][Service Thread][WARN ][com.havving.framework.NodeBuilder]  Memory Usage: {PS Eden Space=init = 32505856(31744K) used = 0(0K) committed = 32505856(31744K) max = 674234368(658432K), Code Cache=init = 2555904(2496K) used = 3152128(3078K) committed = 3211264(3136K) max = 251658240(245760K), Compressed Class Space=init = 0(0K) used = 1239056(1210K) committed = 1441792(1408K) max = 1073741824(1048576K), PS Survivor Space=init = 5242880(5120K) used = 4579712(4472K) committed = 5242880(5120K) max = 5242880(5120K), PS Old Gen=init = 87031808(84992K) used = 81936(80K) committed = 87031808(84992K) max = 1370488832(1338368K), Metaspace=init = 0(0K) used = 10034728(9799K) committed = 10616832(10368K) max = -1(-1K)}(NodeBuilder.java:329)
[2021-07-20 14:38:15.789][Service Thread][WARN ][com.havving.framework.NodeBuilder]    PS Eden Space(still expandable): (NodeBuilder.java:343)
[2021-07-20 14:38:15.789][Service Thread][WARN ][com.havving.framework.NodeBuilder]    PS Eden Space(still expandable): (NodeBuilder.java:343)
[2021-07-20 14:38:15.791][Service Thread][WARN ][com.havving.framework.NodeBuilder]        used: 100.0% -> 0.0%. (used=1,init=32 (MB))(NodeBuilder.java:344)
[2021-07-20 14:38:15.791][Service Thread][WARN ][com.havving.framework.NodeBuilder]        used: 100.0% -> 0.0%. (used=1,init=32 (MB))(NodeBuilder.java:344)
[2021-07-20 14:38:15.792][Service Thread][WARN ][com.havving.framework.NodeBuilder]    Code Cache(still expandable): (NodeBuilder.java:343)
[2021-07-20 14:38:15.792][Service Thread][WARN ][com.havving.framework.NodeBuilder]    Code Cache(still expandable): (NodeBuilder.java:343)
[2021-07-20 14:38:15.792][Service Thread][WARN ][com.havving.framework.NodeBuilder]        used: 98.1% -> 98.1%. (used=4,init=3 (MB))(NodeBuilder.java:344)
[2021-07-20 14:38:15.792][Service Thread][WARN ][com.havving.framework.NodeBuilder]        used: 98.1% -> 98.1%. (used=4,init=3 (MB))(NodeBuilder.java:344)
[2021-07-20 14:38:15.792][Service Thread][WARN ][com.havving.framework.NodeBuilder]    Compressed Class Space(still expandable): (NodeBuilder.java:343)
[2021-07-20 14:38:15.792][Service Thread][WARN ][com.havving.framework.NodeBuilder]    Compressed Class Space(still expandable): (NodeBuilder.java:343)
[2021-07-20 14:38:15.793][Service Thread][WARN ][com.havving.framework.NodeBuilder]        used: 85.9% -> 85.9%. (used=2,init=1 (MB))(NodeBuilder.java:344)
[2021-07-20 14:38:15.793][Service Thread][WARN ][com.havving.framework.NodeBuilder]        used: 85.9% -> 85.9%. (used=2,init=1 (MB))(NodeBuilder.java:344)
[2021-07-20 14:38:15.793][Service Thread][WARN ][com.havving.framework.NodeBuilder]    PS Survivor Space(reached full memory): (NodeBuilder.java:343)
[2021-07-20 14:38:15.793][Service Thread][WARN ][com.havving.framework.NodeBuilder]    PS Survivor Space(reached full memory): (NodeBuilder.java:343)
[2021-07-20 14:38:15.793][Service Thread][WARN ][com.havving.framework.NodeBuilder]        used: 0.0% -> 87.3%. (used=5,init=6 (MB))(NodeBuilder.java:344)
[2021-07-20 14:38:15.793][Service Thread][WARN ][com.havving.framework.NodeBuilder]        used: 0.0% -> 87.3%. (used=5,init=6 (MB))(NodeBuilder.java:344)
[2021-07-20 14:38:15.794][Service Thread][WARN ][com.havving.framework.NodeBuilder]    PS Old Gen(still expandable): (NodeBuilder.java:343)
[2021-07-20 14:38:15.794][Service Thread][WARN ][com.havving.framework.NodeBuilder]    PS Old Gen(still expandable): (NodeBuilder.java:343)
[2021-07-20 14:38:15.795][Service Thread][WARN ][com.havving.framework.NodeBuilder]        used: 0.0% -> 0.0%. (used=1,init=84 (MB))(NodeBuilder.java:344)
[2021-07-20 14:38:15.795][Service Thread][WARN ][com.havving.framework.NodeBuilder]        used: 0.0% -> 0.0%. (used=1,init=84 (MB))(NodeBuilder.java:344)
[2021-07-20 14:38:15.795][Service Thread][WARN ][com.havving.framework.NodeBuilder]    Metaspace(still expandable): (NodeBuilder.java:343)
[2021-07-20 14:38:15.795][Service Thread][WARN ][com.havving.framework.NodeBuilder]    Metaspace(still expandable): (NodeBuilder.java:343)
[2021-07-20 14:38:15.795][Service Thread][WARN ][com.havving.framework.NodeBuilder]        used: 94.5% -> 94.5%. (used=10,init=1 (MB))(NodeBuilder.java:344)
[2021-07-20 14:38:15.795][Service Thread][WARN ][com.havving.framework.NodeBuilder]        used: 94.5% -> 94.5%. (used=10,init=1 (MB))(NodeBuilder.java:344)
[2021-07-20 14:38:15.796][Service Thread][WARN ][com.havving.framework.NodeBuilder]  overhead: 0.4%(NodeBuilder.java:352)
[2021-07-20 14:38:15.796][Service Thread][WARN ][com.havving.framework.NodeBuilder]  overhead: 0.4%(NodeBuilder.java:352)
[2021-07-20 14:38:15.796][Service Thread][WARN ][com.havving.framework.NodeBuilder]------------------------------ GC LOGGING(NodeBuilder.java:353)
[2021-07-20 14:38:15.796][Service Thread][WARN ][com.havving.framework.NodeBuilder]------------------------------ GC LOGGING(NodeBuilder.java:353)
[2021-07-20 14:38:16.007][main][INFO ][com.havving.framework.config.JvmArguments]args size=3(JvmArguments.java:37)
[2021-07-20 14:38:16.007][main][INFO ][com.havving.framework.config.JvmArguments]args size=3(JvmArguments.java:37)
[2021-07-20 14:38:16.007][main][INFO ][com.havving.framework.config.JvmArguments]-agentlib:jdwp=transport=dt_socket,address=127.0.0.1:7322,suspend=y,server=n(JvmArguments.java:39)
[2021-07-20 14:38:16.007][main][INFO ][com.havving.framework.config.JvmArguments]-agentlib:jdwp=transport=dt_socket,address=127.0.0.1:7322,suspend=y,server=n(JvmArguments.java:39)
[2021-07-20 14:38:16.008][main][INFO ][com.havving.framework.config.JvmArguments]-javaagent:C:\Users\HAVVING\AppData\Local\JetBrains\IntelliJIdea2020.3\captureAgent\debugger-agent.jar(JvmArguments.java:39)
[2021-07-20 14:38:16.008][main][INFO ][com.havving.framework.config.JvmArguments]-javaagent:C:\Users\HAVVING\AppData\Local\JetBrains\IntelliJIdea2020.3\captureAgent\debugger-agent.jar(JvmArguments.java:39)
[2021-07-20 14:38:16.008][main][INFO ][com.havving.framework.config.JvmArguments]-Dfile.encoding=UTF-8(JvmArguments.java:39)
[2021-07-20 14:38:16.008][main][INFO ][com.havving.framework.config.JvmArguments]-Dfile.encoding=UTF-8(JvmArguments.java:39)
[2021-07-20 14:38:17.567][main][INFO ][com.havving.framework.NodeBuilder]Node has been set DAEMON mode.(NodeBuilder.java:159)
[2021-07-20 14:38:17.567][main][INFO ][com.havving.framework.NodeBuilder]Node has been set DAEMON mode.(NodeBuilder.java:159)
[2021-07-20 14:38:17.568][main][INFO ][com.havving.framework.NodeBuilder]Node 'TEST1' running success.(NodeBuilder.java:164)
[2021-07-20 14:38:17.568][main][INFO ][com.havving.framework.NodeBuilder]Node 'TEST1' running success.(NodeBuilder.java:164)
[2021-07-20 14:38:17.569][main][INFO ][com.havving.framework.NodeBuilder]
___________________________________________________________________________________________________________
    _     _      __      _____     _____     ____      _     _     __    _       _____     _____     ____  
    /|   /     /    )    /    )    /    '    /   )     /    /      /     /       /    )    /    '    /    )
---/-| -/-----/----/----/----/----/__-------/__ /-----/----/------/-----/-------/----/----/__-------/___ /-
  /  | /     /    /    /    /    /         /    )    /    /      /     /       /    /    /         /    |  
_/___|/_____(____/____/____/____/____ ____/____/____(____/____ _/_ ___/____/__/____/____/____ ____/_____|__
                                                                                                           
___________________________________________________________________________________________________________
(NodeBuilder.java:165)
[2021-07-20 14:38:17.569][main][INFO ][com.havving.framework.NodeBuilder]
___________________________________________________________________________________________________________
    _     _      __      _____     _____     ____      _     _     __    _       _____     _____     ____  
    /|   /     /    )    /    )    /    '    /   )     /    /      /     /       /    )    /    '    /    )
---/-| -/-----/----/----/----/----/__-------/__ /-----/----/------/-----/-------/----/----/__-------/___ /-
  /  | /     /    /    /    /    /         /    )    /    /      /     /       /    /    /         /    |  
_/___|/_____(____/____/____/____/____ ____/____/____(____/____ _/_ ___/____/__/____/____/____ ____/_____|__
                                                                                                           
___________________________________________________________________________________________________________
(NodeBuilder.java:165)
[2021-07-20 14:38:17.636][main][INFO ][com.havving.framework.NodeBuilder]
___________________________________________________________________________________________________________
<<<<<<<<<<<<<< 2021-07-20T14:38:17.634 Node up and work starts.
  <<<<<<<<<<<<    name : TEST1
    <<<<<<<<<<    pid : 16744
      <<<<<<<<    components(singleton) : 0
        <<<<<<    components(instant) : 0
___________________________________________________________________________________________________________
(NodeBuilder.java:184)
[2021-07-20 14:38:17.636][main][INFO ][com.havving.framework.NodeBuilder]
___________________________________________________________________________________________________________
<<<<<<<<<<<<<< 2021-07-20T14:38:17.634 Node up and work starts.
  <<<<<<<<<<<<    name : TEST1
    <<<<<<<<<<    pid : 16744
      <<<<<<<<    components(singleton) : 0
        <<<<<<    components(instant) : 0
___________________________________________________________________________________________________________
(NodeBuilder.java:184)
[2021-07-20 14:38:17.639][main][INFO ][com.havving.framework.NodeBuilder]GC worker registered. com.havving.tutorial.RunTutorial$$Lambda$19/914374969@20bd8be5(NodeBuilder.java:373)
[2021-07-20 14:38:17.639][main][INFO ][com.havving.framework.NodeBuilder]GC worker registered. com.havving.tutorial.RunTutorial$$Lambda$19/914374969@20bd8be5(NodeBuilder.java:373)
[2021-07-20 14:38:21.100][Thread-0][INFO ][com.havving.framework.NodeContext]Node goes down.(NodeContext.java:49)
[2021-07-20 14:38:21.100][Thread-0][INFO ][com.havving.framework.NodeContext]Node goes down.(NodeContext.java:49)
[2021-07-20 14:39:15.326][main][INFO ][com.havving.framework.NodeBuilder]Application TEST1 now running...(NodeBuilder.java:97)
[2021-07-20 14:39:15.326][main][INFO ][com.havving.framework.NodeBuilder]Application TEST1 now running...(NodeBuilder.java:97)
[2021-07-20 14:39:15.347][main][INFO ][com.havving.framework.NodeBuilder]GC logging enabled.(NodeBuilder.java:111)
[2021-07-20 14:39:15.347][main][INFO ][com.havving.framework.NodeBuilder]GC logging enabled.(NodeBuilder.java:111)
[2021-07-20 14:39:15.361][main][INFO ][com.havving.framework.NodeBuilder]-Dnode.path.conf exists. Using config path 'D:\Project\NodeBuilder\Tutorial\src\main\resources\node-conf.xml(NodeBuilder.java:139)
[2021-07-20 14:39:15.361][main][INFO ][com.havving.framework.NodeBuilder]-Dnode.path.conf exists. Using config path 'D:\Project\NodeBuilder\Tutorial\src\main\resources\node-conf.xml(NodeBuilder.java:139)
[2021-07-20 14:39:15.695][main][WARN ][com.havving.framework.components.ComponentContainer]com.havving.framework package will scan automatically.(ComponentContainer.java:43)
[2021-07-20 14:39:15.695][main][WARN ][com.havving.framework.components.ComponentContainer]com.havving.framework package will scan automatically.(ComponentContainer.java:43)
[2021-07-20 14:39:15.962][Service Thread][WARN ][com.havving.framework.NodeBuilder]GC LOGGING ------------------------------(NodeBuilder.java:320)
[2021-07-20 14:39:15.962][Service Thread][WARN ][com.havving.framework.NodeBuilder]GC LOGGING ------------------------------(NodeBuilder.java:320)
[2021-07-20 14:39:15.963][Service Thread][WARN ][com.havving.framework.NodeBuilder]  INFO: ID=1, NAME=PS Scavenge, TYPE=end of minor GC CAUSE=Allocation Failure occurred until 12. 1665 to 1677 milliseconds(NodeBuilder.java:321)
[2021-07-20 14:39:15.963][Service Thread][WARN ][com.havving.framework.NodeBuilder]  INFO: ID=1, NAME=PS Scavenge, TYPE=end of minor GC CAUSE=Allocation Failure occurred until 12. 1665 to 1677 milliseconds(NodeBuilder.java:321)
[2021-07-20 14:39:15.964][Service Thread][WARN ][com.havving.framework.NodeBuilder]  CompositeType: javax.management.openmbean.CompositeType(name=sun.management.PS Scavenge.GcInfoCompositeType,items=((itemName=GcThreadCount,itemType=javax.management.openmbean.SimpleType(name=java.lang.Integer)),(itemName=duration,itemType=javax.management.openmbean.SimpleType(name=java.lang.Long)),(itemName=endTime,itemType=javax.management.openmbean.SimpleType(name=java.lang.Long)),(itemName=id,itemType=javax.management.openmbean.SimpleType(name=java.lang.Long)),(itemName=memoryUsageAfterGc,itemType=javax.management.openmbean.TabularType(name=Map<java.lang.String,java.lang.management.MemoryUsage>,rowType=javax.management.openmbean.CompositeType(name=Map<java.lang.String,java.lang.management.MemoryUsage>,items=((itemName=key,itemType=javax.management.openmbean.SimpleType(name=java.lang.String)),(itemName=value,itemType=javax.management.openmbean.CompositeType(name=java.lang.management.MemoryUsage,items=((itemName=committed,itemType=javax.management.openmbean.SimpleType(name=java.lang.Long)),(itemName=init,itemType=javax.management.openmbean.SimpleType(name=java.lang.Long)),(itemName=max,itemType=javax.management.openmbean.SimpleType(name=java.lang.Long)),(itemName=used,itemType=javax.management.openmbean.SimpleType(name=java.lang.Long))))))),indexNames=(key))),(itemName=memoryUsageBeforeGc,itemType=javax.management.openmbean.TabularType(name=Map<java.lang.String,java.lang.management.MemoryUsage>,rowType=javax.management.openmbean.CompositeType(name=Map<java.lang.String,java.lang.management.MemoryUsage>,items=((itemName=key,itemType=javax.management.openmbean.SimpleType(name=java.lang.String)),(itemName=value,itemType=javax.management.openmbean.CompositeType(name=java.lang.management.MemoryUsage,items=((itemName=committed,itemType=javax.management.openmbean.SimpleType(name=java.lang.Long)),(itemName=init,itemType=javax.management.openmbean.SimpleType(name=java.lang.Long)),(itemName=max,itemType=javax.management.openmbean.SimpleType(name=java.lang.Long)),(itemName=used,itemType=javax.management.openmbean.SimpleType(name=java.lang.Long))))))),indexNames=(key))),(itemName=startTime,itemType=javax.management.openmbean.SimpleType(name=java.lang.Long))))(NodeBuilder.java:322)
[2021-07-20 14:39:15.964][Service Thread][WARN ][com.havving.framework.NodeBuilder]  CompositeType: javax.management.openmbean.CompositeType(name=sun.management.PS Scavenge.GcInfoCompositeType,items=((itemName=GcThreadCount,itemType=javax.management.openmbean.SimpleType(name=java.lang.Integer)),(itemName=duration,itemType=javax.management.openmbean.SimpleType(name=java.lang.Long)),(itemName=endTime,itemType=javax.management.openmbean.SimpleType(name=java.lang.Long)),(itemName=id,itemType=javax.management.openmbean.SimpleType(name=java.lang.Long)),(itemName=memoryUsageAfterGc,itemType=javax.management.openmbean.TabularType(name=Map<java.lang.String,java.lang.management.MemoryUsage>,rowType=javax.management.openmbean.CompositeType(name=Map<java.lang.String,java.lang.management.MemoryUsage>,items=((itemName=key,itemType=javax.management.openmbean.SimpleType(name=java.lang.String)),(itemName=value,itemType=javax.management.openmbean.CompositeType(name=java.lang.management.MemoryUsage,items=((itemName=committed,itemType=javax.management.openmbean.SimpleType(name=java.lang.Long)),(itemName=init,itemType=javax.management.openmbean.SimpleType(name=java.lang.Long)),(itemName=max,itemType=javax.management.openmbean.SimpleType(name=java.lang.Long)),(itemName=used,itemType=javax.management.openmbean.SimpleType(name=java.lang.Long))))))),indexNames=(key))),(itemName=memoryUsageBeforeGc,itemType=javax.management.openmbean.TabularType(name=Map<java.lang.String,java.lang.management.MemoryUsage>,rowType=javax.management.openmbean.CompositeType(name=Map<java.lang.String,java.lang.management.MemoryUsage>,items=((itemName=key,itemType=javax.management.openmbean.SimpleType(name=java.lang.String)),(itemName=value,itemType=javax.management.openmbean.CompositeType(name=java.lang.management.MemoryUsage,items=((itemName=committed,itemType=javax.management.openmbean.SimpleType(name=java.lang.Long)),(itemName=init,itemType=javax.management.openmbean.SimpleType(name=java.lang.Long)),(itemName=max,itemType=javax.management.openmbean.SimpleType(name=java.lang.Long)),(itemName=used,itemType=javax.management.openmbean.SimpleType(name=java.lang.Long))))))),indexNames=(key))),(itemName=startTime,itemType=javax.management.openmbean.SimpleType(name=java.lang.Long))))(NodeBuilder.java:322)
[2021-07-20 14:39:15.965][Service Thread][WARN ][com.havving.framework.NodeBuilder]  MemoryUsageAfterGc: {PS Eden Space=init = 32505856(31744K) used = 0(0K) committed = 32505856(31744K) max = 674234368(658432K), Code Cache=init = 2555904(2496K) used = 3127360(3054K) committed = 3145728(3072K) max = 251658240(245760K), Compressed Class Space=init = 0(0K) used = 1239056(1210K) committed = 1441792(1408K) max = 1073741824(1048576K), PS Survivor Space=init = 5242880(5120K) used = 4662040(4552K) committed = 5242880(5120K) max = 5242880(5120K), PS Old Gen=init = 87031808(84992K) used = 81936(80K) committed = 87031808(84992K) max = 1370488832(1338368K), Metaspace=init = 0(0K) used = 10034128(9798K) committed = 10616832(10368K) max = -1(-1K)}(NodeBuilder.java:323)
[2021-07-20 14:39:15.965][Service Thread][WARN ][com.havving.framework.NodeBuilder]  MemoryUsageAfterGc: {PS Eden Space=init = 32505856(31744K) used = 0(0K) committed = 32505856(31744K) max = 674234368(658432K), Code Cache=init = 2555904(2496K) used = 3127360(3054K) committed = 3145728(3072K) max = 251658240(245760K), Compressed Class Space=init = 0(0K) used = 1239056(1210K) committed = 1441792(1408K) max = 1073741824(1048576K), PS Survivor Space=init = 5242880(5120K) used = 4662040(4552K) committed = 5242880(5120K) max = 5242880(5120K), PS Old Gen=init = 87031808(84992K) used = 81936(80K) committed = 87031808(84992K) max = 1370488832(1338368K), Metaspace=init = 0(0K) used = 10034128(9798K) committed = 10616832(10368K) max = -1(-1K)}(NodeBuilder.java:323)
[2021-07-20 14:39:15.967][Service Thread][WARN ][com.havving.framework.NodeBuilder]  MemoryUsageBeforeGc: {PS Eden Space=init = 32505856(31744K) used = 32505856(31744K) committed = 32505856(31744K) max = 674234368(658432K), Code Cache=init = 2555904(2496K) used = 3127360(3054K) committed = 3145728(3072K) max = 251658240(245760K), Compressed Class Space=init = 0(0K) used = 1239056(1210K) committed = 1441792(1408K) max = 1073741824(1048576K), PS Survivor Space=init = 5242880(5120K) used = 0(0K) committed = 5242880(5120K) max = 5242880(5120K), PS Old Gen=init = 87031808(84992K) used = 0(0K) committed = 87031808(84992K) max = 1370488832(1338368K), Metaspace=init = 0(0K) used = 10034128(9798K) committed = 10616832(10368K) max = -1(-1K)}(NodeBuilder.java:324)
[2021-07-20 14:39:15.967][Service Thread][WARN ][com.havving.framework.NodeBuilder]  MemoryUsageBeforeGc: {PS Eden Space=init = 32505856(31744K) used = 32505856(31744K) committed = 32505856(31744K) max = 674234368(658432K), Code Cache=init = 2555904(2496K) used = 3127360(3054K) committed = 3145728(3072K) max = 251658240(245760K), Compressed Class Space=init = 0(0K) used = 1239056(1210K) committed = 1441792(1408K) max = 1073741824(1048576K), PS Survivor Space=init = 5242880(5120K) used = 0(0K) committed = 5242880(5120K) max = 5242880(5120K), PS Old Gen=init = 87031808(84992K) used = 0(0K) committed = 87031808(84992K) max = 1370488832(1338368K), Metaspace=init = 0(0K) used = 10034128(9798K) committed = 10616832(10368K) max = -1(-1K)}(NodeBuilder.java:324)
[2021-07-20 14:39:15.968][Service Thread][WARN ][com.havving.framework.NodeBuilder]  Memory Usage: {PS Eden Space=init = 32505856(31744K) used = 0(0K) committed = 32505856(31744K) max = 674234368(658432K), Code Cache=init = 2555904(2496K) used = 3127360(3054K) committed = 3145728(3072K) max = 251658240(245760K), Compressed Class Space=init = 0(0K) used = 1239056(1210K) committed = 1441792(1408K) max = 1073741824(1048576K), PS Survivor Space=init = 5242880(5120K) used = 4662040(4552K) committed = 5242880(5120K) max = 5242880(5120K), PS Old Gen=init = 87031808(84992K) used = 81936(80K) committed = 87031808(84992K) max = 1370488832(1338368K), Metaspace=init = 0(0K) used = 10034128(9798K) committed = 10616832(10368K) max = -1(-1K)}(NodeBuilder.java:329)
[2021-07-20 14:39:15.968][Service Thread][WARN ][com.havving.framework.NodeBuilder]  Memory Usage: {PS Eden Space=init = 32505856(31744K) used = 0(0K) committed = 32505856(31744K) max = 674234368(658432K), Code Cache=init = 2555904(2496K) used = 3127360(3054K) committed = 3145728(3072K) max = 251658240(245760K), Compressed Class Space=init = 0(0K) used = 1239056(1210K) committed = 1441792(1408K) max = 1073741824(1048576K), PS Survivor Space=init = 5242880(5120K) used = 4662040(4552K) committed = 5242880(5120K) max = 5242880(5120K), PS Old Gen=init = 87031808(84992K) used = 81936(80K) committed = 87031808(84992K) max = 1370488832(1338368K), Metaspace=init = 0(0K) used = 10034128(9798K) committed = 10616832(10368K) max = -1(-1K)}(NodeBuilder.java:329)
[2021-07-20 14:39:15.970][Service Thread][WARN ][com.havving.framework.NodeBuilder]    PS Eden Space(still expandable): (NodeBuilder.java:343)
[2021-07-20 14:39:15.970][Service Thread][WARN ][com.havving.framework.NodeBuilder]    PS Eden Space(still expandable): (NodeBuilder.java:343)
[2021-07-20 14:39:15.971][Service Thread][WARN ][com.havving.framework.NodeBuilder]        used: 100.0% -> 0.0%. (used=1,init=32 (MB))(NodeBuilder.java:344)
[2021-07-20 14:39:15.971][Service Thread][WARN ][com.havving.framework.NodeBuilder]        used: 100.0% -> 0.0%. (used=1,init=32 (MB))(NodeBuilder.java:344)
[2021-07-20 14:39:15.972][Service Thread][WARN ][com.havving.framework.NodeBuilder]    Code Cache(still expandable): (NodeBuilder.java:343)
[2021-07-20 14:39:15.972][Service Thread][WARN ][com.havving.framework.NodeBuilder]    Code Cache(still expandable): (NodeBuilder.java:343)
[2021-07-20 14:39:15.972][Service Thread][WARN ][com.havving.framework.NodeBuilder]        used: 99.4% -> 99.4%. (used=3,init=3 (MB))(NodeBuilder.java:344)
[2021-07-20 14:39:15.972][Service Thread][WARN ][com.havving.framework.NodeBuilder]        used: 99.4% -> 99.4%. (used=3,init=3 (MB))(NodeBuilder.java:344)
[2021-07-20 14:39:15.973][Service Thread][WARN ][com.havving.framework.NodeBuilder]    Compressed Class Space(still expandable): (NodeBuilder.java:343)
[2021-07-20 14:39:15.973][Service Thread][WARN ][com.havving.framework.NodeBuilder]    Compressed Class Space(still expandable): (NodeBuilder.java:343)
[2021-07-20 14:39:15.973][Service Thread][WARN ][com.havving.framework.NodeBuilder]        used: 85.9% -> 85.9%. (used=2,init=1 (MB))(NodeBuilder.java:344)
[2021-07-20 14:39:15.973][Service Thread][WARN ][com.havving.framework.NodeBuilder]        used: 85.9% -> 85.9%. (used=2,init=1 (MB))(NodeBuilder.java:344)
[2021-07-20 14:39:15.974][Service Thread][WARN ][com.havving.framework.NodeBuilder]    PS Survivor Space(reached full memory): (NodeBuilder.java:343)
[2021-07-20 14:39:15.974][Service Thread][WARN ][com.havving.framework.NodeBuilder]    PS Survivor Space(reached full memory): (NodeBuilder.java:343)
[2021-07-20 14:39:15.975][Service Thread][WARN ][com.havving.framework.NodeBuilder]        used: 0.0% -> 88.9%. (used=5,init=6 (MB))(NodeBuilder.java:344)
[2021-07-20 14:39:15.975][Service Thread][WARN ][com.havving.framework.NodeBuilder]        used: 0.0% -> 88.9%. (used=5,init=6 (MB))(NodeBuilder.java:344)
[2021-07-20 14:39:15.975][Service Thread][WARN ][com.havving.framework.NodeBuilder]    PS Old Gen(still expandable): (NodeBuilder.java:343)
[2021-07-20 14:39:15.975][Service Thread][WARN ][com.havving.framework.NodeBuilder]    PS Old Gen(still expandable): (NodeBuilder.java:343)
[2021-07-20 14:39:15.976][Service Thread][WARN ][com.havving.framework.NodeBuilder]        used: 0.0% -> 0.0%. (used=1,init=84 (MB))(NodeBuilder.java:344)
[2021-07-20 14:39:15.976][Service Thread][WARN ][com.havving.framework.NodeBuilder]        used: 0.0% -> 0.0%. (used=1,init=84 (MB))(NodeBuilder.java:344)
[2021-07-20 14:39:15.977][Service Thread][WARN ][com.havving.framework.NodeBuilder]    Metaspace(still expandable): (NodeBuilder.java:343)
[2021-07-20 14:39:15.977][Service Thread][WARN ][com.havving.framework.NodeBuilder]    Metaspace(still expandable): (NodeBuilder.java:343)
[2021-07-20 14:39:15.978][Service Thread][WARN ][com.havving.framework.NodeBuilder]        used: 94.5% -> 94.5%. (used=10,init=1 (MB))(NodeBuilder.java:344)
[2021-07-20 14:39:15.978][Service Thread][WARN ][com.havving.framework.NodeBuilder]        used: 94.5% -> 94.5%. (used=10,init=1 (MB))(NodeBuilder.java:344)
[2021-07-20 14:39:15.978][Service Thread][WARN ][com.havving.framework.NodeBuilder]  overhead: 0.7%(NodeBuilder.java:352)
[2021-07-20 14:39:15.978][Service Thread][WARN ][com.havving.framework.NodeBuilder]  overhead: 0.7%(NodeBuilder.java:352)
[2021-07-20 14:39:15.979][Service Thread][WARN ][com.havving.framework.NodeBuilder]------------------------------ GC LOGGING(NodeBuilder.java:353)
[2021-07-20 14:39:15.979][Service Thread][WARN ][com.havving.framework.NodeBuilder]------------------------------ GC LOGGING(NodeBuilder.java:353)
[2021-07-20 14:39:16.398][main][INFO ][com.havving.framework.config.JvmArguments]args size=3(JvmArguments.java:37)
[2021-07-20 14:39:16.398][main][INFO ][com.havving.framework.config.JvmArguments]args size=3(JvmArguments.java:37)
[2021-07-20 14:39:16.399][main][INFO ][com.havving.framework.config.JvmArguments]-agentlib:jdwp=transport=dt_socket,address=127.0.0.1:7330,suspend=y,server=n(JvmArguments.java:39)
[2021-07-20 14:39:16.399][main][INFO ][com.havving.framework.config.JvmArguments]-agentlib:jdwp=transport=dt_socket,address=127.0.0.1:7330,suspend=y,server=n(JvmArguments.java:39)
[2021-07-20 14:39:16.400][main][INFO ][com.havving.framework.config.JvmArguments]-javaagent:C:\Users\HAVVING\AppData\Local\JetBrains\IntelliJIdea2020.3\captureAgent\debugger-agent.jar(JvmArguments.java:39)
[2021-07-20 14:39:16.400][main][INFO ][com.havving.framework.config.JvmArguments]-javaagent:C:\Users\HAVVING\AppData\Local\JetBrains\IntelliJIdea2020.3\captureAgent\debugger-agent.jar(JvmArguments.java:39)
[2021-07-20 14:39:16.401][main][INFO ][com.havving.framework.config.JvmArguments]-Dfile.encoding=UTF-8(JvmArguments.java:39)
[2021-07-20 14:39:16.401][main][INFO ][com.havving.framework.config.JvmArguments]-Dfile.encoding=UTF-8(JvmArguments.java:39)
[2021-07-20 14:39:18.318][main][INFO ][com.havving.framework.NodeBuilder]Node has been set DAEMON mode.(NodeBuilder.java:159)
[2021-07-20 14:39:18.318][main][INFO ][com.havving.framework.NodeBuilder]Node has been set DAEMON mode.(NodeBuilder.java:159)
[2021-07-20 14:39:18.319][main][INFO ][com.havving.framework.NodeBuilder]Node 'TEST1' running success.(NodeBuilder.java:164)
[2021-07-20 14:39:18.319][main][INFO ][com.havving.framework.NodeBuilder]Node 'TEST1' running success.(NodeBuilder.java:164)
[2021-07-20 14:39:18.320][main][INFO ][com.havving.framework.NodeBuilder]
___________________________________________________________________________________________________________
    _     _      __      _____     _____     ____      _     _     __    _       _____     _____     ____  
    /|   /     /    )    /    )    /    '    /   )     /    /      /     /       /    )    /    '    /    )
---/-| -/-----/----/----/----/----/__-------/__ /-----/----/------/-----/-------/----/----/__-------/___ /-
  /  | /     /    /    /    /    /         /    )    /    /      /     /       /    /    /         /    |  
_/___|/_____(____/____/____/____/____ ____/____/____(____/____ _/_ ___/____/__/____/____/____ ____/_____|__
                                                                                                           
___________________________________________________________________________________________________________
(NodeBuilder.java:165)
[2021-07-20 14:39:18.320][main][INFO ][com.havving.framework.NodeBuilder]
___________________________________________________________________________________________________________
    _     _      __      _____     _____     ____      _     _     __    _       _____     _____     ____  
    /|   /     /    )    /    )    /    '    /   )     /    /      /     /       /    )    /    '    /    )
---/-| -/-----/----/----/----/----/__-------/__ /-----/----/------/-----/-------/----/----/__-------/___ /-
  /  | /     /    /    /    /    /         /    )    /    /      /     /       /    /    /         /    |  
_/___|/_____(____/____/____/____/____ ____/____/____(____/____ _/_ ___/____/__/____/____/____ ____/_____|__
                                                                                                           
___________________________________________________________________________________________________________
(NodeBuilder.java:165)
[2021-07-20 14:39:18.401][main][INFO ][com.havving.framework.NodeBuilder]
___________________________________________________________________________________________________________
<<<<<<<<<<<<<< 2021-07-20T14:39:18.400 Node up and work starts.
  <<<<<<<<<<<<    name : TEST1
    <<<<<<<<<<    pid : 924
      <<<<<<<<    components(singleton) : 0
        <<<<<<    components(instant) : 0___________________________________________________________________________________________________________
(NodeBuilder.java:184)
[2021-07-20 14:39:18.401][main][INFO ][com.havving.framework.NodeBuilder]
___________________________________________________________________________________________________________
<<<<<<<<<<<<<< 2021-07-20T14:39:18.400 Node up and work starts.
  <<<<<<<<<<<<    name : TEST1
    <<<<<<<<<<    pid : 924
      <<<<<<<<    components(singleton) : 0
        <<<<<<    components(instant) : 0___________________________________________________________________________________________________________
(NodeBuilder.java:184)
[2021-07-20 14:39:18.405][main][INFO ][com.havving.framework.NodeBuilder]GC worker registered. com.havving.tutorial.RunTutorial$$Lambda$19/1823409783@413d1baf(NodeBuilder.java:373)
[2021-07-20 14:39:18.405][main][INFO ][com.havving.framework.NodeBuilder]GC worker registered. com.havving.tutorial.RunTutorial$$Lambda$19/1823409783@413d1baf(NodeBuilder.java:373)
[2021-07-20 14:39:22.309][Thread-0][INFO ][com.havving.framework.NodeContext]Node goes down.(NodeContext.java:49)
[2021-07-20 14:39:22.309][Thread-0][INFO ][com.havving.framework.NodeContext]Node goes down.(NodeContext.java:49)
