[2021-05-07 22:24:14.620][main] -Dnode.path.conf exists. Using config path 'D:\Project\NodeBuilder\Tutorial\src\main\resources\node-conf.xml (NodeBuilder.java:139)
[2021-05-07 22:24:14.928][main] com.havving.framework package will scan automatically. (ComponentContainer.java:43)
[2021-05-07 22:24:15.271][main] args size=5 (JvmArguments.java:37)
[2021-05-07 22:24:15.272][main] -agentlib:jdwp=transport=dt_socket,address=127.0.0.1:10453,suspend=y,server=n (JvmArguments.java:39)
[2021-05-07 22:24:15.272][main] -ea (JvmArguments.java:39)
[2021-05-07 22:24:15.272][main] -Didea.test.cyclic.buffer.size=1048576 (JvmArguments.java:39)
[2021-05-07 22:24:15.273][main] -javaagent:C:\Users\HAVVING\AppData\Local\JetBrains\IntelliJIdea2020.3\captureAgent\debugger-agent.jar (JvmArguments.java:39)
[2021-05-07 22:24:15.273][main] -Dfile.encoding=UTF-8 (JvmArguments.java:39)
[2021-05-07 22:24:15.336][main] com.havving.framework.cluster.NodeClusterExtension has been found. Extension activate starts. (NodeContext.java:140)
[2021-05-07 22:24:15.339][main] Cluster configuration : Cluster(port=9000, id=test, pw=test, multicast=false, members=[192.168.10.122:900, 192.168.10.122:1100]) (ClusterContainer.java:54)
[2021-05-07 22:24:26.207][main] java.lang.NullPointerException (NodeBuilder.java:197)
java.lang.NullPointerException: null
	at com.havving.framework.cluster.ClusterContainer.initializeToScan(ClusterContainer.java:64)
	at com.havving.framework.cluster.NodeClusterExtension.activate(NodeClusterExtension.java:18)
	at com.havving.framework.cluster.NodeClusterExtension.activate(NodeClusterExtension.java:12)
	at com.havving.framework.NodeContext.activateExtensions(NodeContext.java:149)
	at com.havving.framework.NodeBuilder._build(NodeBuilder.java:245)
	at com.havving.framework.NodeBuilder.main(NodeBuilder.java:156)
	at ClusterTest.test(ClusterTest.java:23)
	at sun.reflect.NativeMethodAccessorImpl.invoke0(Native Method)
	at sun.reflect.NativeMethodAccessorImpl.invoke(NativeMethodAccessorImpl.java:62)
	at sun.reflect.DelegatingMethodAccessorImpl.invoke(DelegatingMethodAccessorImpl.java:43)
	at java.lang.reflect.Method.invoke(Method.java:498)
	at org.junit.runners.model.FrameworkMethod$1.runReflectiveCall(FrameworkMethod.java:50)
	at org.junit.internal.runners.model.ReflectiveCallable.run(ReflectiveCallable.java:12)
	at org.junit.runners.model.FrameworkMethod.invokeExplosively(FrameworkMethod.java:47)
	at org.junit.internal.runners.statements.InvokeMethod.evaluate(InvokeMethod.java:17)
	at org.junit.runners.ParentRunner.runLeaf(ParentRunner.java:325)
	at org.junit.runners.BlockJUnit4ClassRunner.runChild(BlockJUnit4ClassRunner.java:78)
	at org.junit.runners.BlockJUnit4ClassRunner.runChild(BlockJUnit4ClassRunner.java:57)
	at org.junit.runners.ParentRunner$3.run(ParentRunner.java:290)
	at org.junit.runners.ParentRunner$1.schedule(ParentRunner.java:71)
	at org.junit.runners.ParentRunner.runChildren(ParentRunner.java:288)
	at org.junit.runners.ParentRunner.access$000(ParentRunner.java:58)
	at org.junit.runners.ParentRunner$2.evaluate(ParentRunner.java:268)
	at org.junit.runners.ParentRunner.run(ParentRunner.java:363)
	at org.junit.runner.JUnitCore.run(JUnitCore.java:137)
	at com.intellij.junit4.JUnit4IdeaTestRunner.startRunnerWithArgs(JUnit4IdeaTestRunner.java:69)
	at com.intellij.rt.junit.IdeaTestRunner$Repeater.startRunnerWithArgs(IdeaTestRunner.java:33)
	at com.intellij.rt.junit.JUnitStarter.prepareStreamsAndStart(JUnitStarter.java:220)
	at com.intellij.rt.junit.JUnitStarter.main(JUnitStarter.java:53)
[2021-05-07 22:24:26.210][Thread-0] Node goes down. (NodeContext.java:49)
